{
  "0 debug pnpm:scope": {
    "selected": 1
  },
  "1 error pnpm": {
    "code": "ELIFECYCLE",
    "errno": "ENOENT",
    "syscall": "spawn",
    "file": "sh",
    "pkgid": "logseq-plugin-vscode-ref@0.0.8",
    "stage": "build",
    "script": "parcel build --public-url . --no-source-maps index.html",
    "pkgname": "logseq-plugin-vscode-ref",
    "err": {
      "name": "pnpm",
      "message": "logseq-plugin-vscode-ref@0.0.8 build: `parcel build --public-url . --no-source-maps index.html`\nspawn ENOENT",
      "code": "ELIFECYCLE",
      "stack": "pnpm: logseq-plugin-vscode-ref@0.0.8 build: `parcel build --public-url . --no-source-maps index.html`\nspawn ENOENT\n    at ChildProcess.<anonymous> (/opt/homebrew/lib/node_modules/pnpm/dist/pnpm.cjs:91795:22)\n    at ChildProcess.emit (node:events:390:28)\n    at maybeClose (node:internal/child_process:1062:16)\n    at Process.ChildProcess._handle.onexit (node:internal/child_process:301:5)"
    }
  },
  "2 warn pnpm:global": " Local package.json exists, but node_modules missing, did you mean to install?"
}